# JRE version: Java(TM) SE Runtime Environment (8.0_401) (build 1.8.0_401-b25)
# Java VM: Java HotSpot(TM) 64-Bit Server VM (25.401-b25 mixed mode windows-amd64 compressed oops)
Heap:
 PSYoungGen      total 346112K, used 252395K [0x00000000d7a00000, 0x00000000fb900000, 0x0000000100000000)
  eden space 138240K, 58% used [0x00000000d7a00000,0x00000000dc8e2620,0x00000000e0100000)
  from space 207872K, 82% used [0x00000000ed800000,0x00000000f7f986a8,0x00000000fa300000)
  to   space 220160K, 0% used [0x00000000e0100000,0x00000000e0100000,0x00000000ed800000)
 ParOldGen       total 1323008K, used 580726K [0x0000000086e00000, 0x00000000d7a00000, 0x00000000d7a00000)
  object space 1323008K, 43% used [0x0000000086e00000,0x00000000aa51d9c0,0x00000000d7a00000)
 Metaspace       used 13230K, capacity 13716K, committed 14080K, reserved 1062912K
  class space    used 1749K, capacity 1931K, committed 2048K, reserved 1048576K
GC Heap History (10 events):
Event: 124.532 GC heap before
{Heap before GC invocations=501 (full 491):
 PSYoungGen      total 250880K, used 165714K [0x00000000d7a00000, 0x00000000f8300000, 0x0000000100000000)
  eden space 109056K, 99% used [0x00000000d7a00000,0x00000000de47fff8,0x00000000de480000)
  from space 141824K, 39% used [0x00000000de480000,0x00000000e1bd4a58,0x00000000e6f00000)
  to   space 197632K, 0% used [0x00000000ec200000,0x00000000ec200000,0x00000000f8300000)
 ParOldGen       total 1323008K, used 414145K [0x0000000086e00000, 0x00000000d7a00000, 0x00000000d7a00000)
  object space 1323008K, 31% used [0x0000000086e00000,0x00000000a0270588,0x00000000d7a00000)
 Metaspace       used 10164K, capacity 10496K, committed 10624K, reserved 1058816K
  class space    used 1292K, capacity 1405K, committed 1408K, reserved 1048576K
Event: 124.645 GC heap after
Heap after GC invocations=501 (full 491):
 PSYoungGen      total 328704K, used 127616K [0x00000000d7a00000, 0x00000000f8800000, 0x0000000100000000)
  eden space 131072K, 0% used [0x00000000d7a00000,0x00000000d7a00000,0x00000000dfa00000)
  from space 197632K, 64% used [0x00000000ec200000,0x00000000f3ea0070,0x00000000f8300000)
  to   space 203776K, 0% used [0x00000000dfa00000,0x00000000dfa00000,0x00000000ec100000)
 ParOldGen       total 1323008K, used 452961K [0x0000000086e00000, 0x00000000d7a00000, 0x00000000d7a00000)
  object space 1323008K, 34% used [0x0000000086e00000,0x00000000a2858588,0x00000000d7a00000)
 Metaspace       used 10164K, capacity 10496K, committed 10624K, reserved 1058816K
  class space    used 1292K, capacity 1405K, committed 1408K, reserved 1048576K
}
Event: 125.001 GC heap before
{Heap before GC invocations=502 (full 491):
 PSYoungGen      total 328704K, used 258688K [0x00000000d7a00000, 0x00000000f8800000, 0x0000000100000000)
  eden space 131072K, 100% used [0x00000000d7a00000,0x00000000dfa00000,0x00000000dfa00000)
  from space 197632K, 64% used [0x00000000ec200000,0x00000000f3ea0070,0x00000000f8300000)
  to   space 203776K, 0% used [0x00000000dfa00000,0x00000000dfa00000,0x00000000ec100000)
 ParOldGen       total 1323008K, used 452961K [0x0000000086e00000, 0x00000000d7a00000, 0x00000000d7a00000)
  object space 1323008K, 34% used [0x0000000086e00000,0x00000000a2858588,0x00000000d7a00000)
 Metaspace       used 10174K, capacity 10496K, committed 10624K, reserved 1058816K
  class space    used 1292K, capacity 1405K, committed 1408K, reserved 1048576K
Event: 125.136 GC heap after
Heap after GC invocations=502 (full 491):
 PSYoungGen      total 334848K, used 183312K [0x00000000d7a00000, 0x00000000f8800000, 0x0000000100000000)
  eden space 131072K, 0% used [0x00000000d7a00000,0x00000000d7a00000,0x00000000dfa00000)
  from space 203776K, 89% used [0x00000000dfa00000,0x00000000ead04210,0x00000000ec100000)
  to   space 197632K, 0% used [0x00000000ec200000,0x00000000ec200000,0x00000000f8300000)
 ParOldGen       total 1323008K, used 452961K [0x0000000086e00000, 0x00000000d7a00000, 0x00000000d7a00000)
  object space 1323008K, 34% used [0x0000000086e00000,0x00000000a2858588,0x00000000d7a00000)
 Metaspace       used 10174K, capacity 10496K, committed 10624K, reserved 1058816K
  class space    used 1292K, capacity 1405K, committed 1408K, reserved 1048576K
}
Event: 125.507 GC heap before
{Heap before GC invocations=503 (full 491):
 PSYoungGen      total 334848K, used 314384K [0x00000000d7a00000, 0x00000000f8800000, 0x0000000100000000)
  eden space 131072K, 100% used [0x00000000d7a00000,0x00000000dfa00000,0x00000000dfa00000)
  from space 203776K, 89% used [0x00000000dfa00000,0x00000000ead04210,0x00000000ec100000)
  to   space 197632K, 0% used [0x00000000ec200000,0x00000000ec200000,0x00000000f8300000)
 ParOldGen       total 1323008K, used 452961K [0x0000000086e00000, 0x00000000d7a00000, 0x00000000d7a00000)
  object space 1323008K, 34% used [0x0000000086e00000,0x00000000a2858588,0x00000000d7a00000)
 Metaspace       used 10997K, capacity 11366K, committed 11648K, reserved 1058816K
  class space    used 1435K, capacity 1568K, committed 1664K, reserved 1048576K
Event: 125.591 GC heap after
Heap after GC invocations=503 (full 491):
 PSYoungGen      total 328704K, used 77327K [0x00000000d7a00000, 0x00000000f8800000, 0x0000000100000000)
  eden space 131072K, 0% used [0x00000000d7a00000,0x00000000d7a00000,0x00000000dfa00000)
  from space 197632K, 39% used [0x00000000ec200000,0x00000000f0d83f90,0x00000000f8300000)
  to   space 203776K, 0% used [0x00000000dfa00000,0x00000000dfa00000,0x00000000ec100000)
 ParOldGen       total 1323008K, used 580726K [0x0000000086e00000, 0x00000000d7a00000, 0x00000000d7a00000)
  object space 1323008K, 43% used [0x0000000086e00000,0x00000000aa51d9c0,0x00000000d7a00000)
 Metaspace       used 10997K, capacity 11366K, committed 11648K, reserved 1058816K
  class space    used 1435K, capacity 1568K, committed 1664K, reserved 1048576K
}
Event: 125.901 GC heap before
{Heap before GC invocations=504 (full 491):
 PSYoungGen      total 328704K, used 208399K [0x00000000d7a00000, 0x00000000f8800000, 0x0000000100000000)
  eden space 131072K, 100% used [0x00000000d7a00000,0x00000000dfa00000,0x00000000dfa00000)
  from space 197632K, 39% used [0x00000000ec200000,0x00000000f0d83f90,0x00000000f8300000)
  to   space 203776K, 0% used [0x00000000dfa00000,0x00000000dfa00000,0x00000000ec100000)
 ParOldGen       total 1323008K, used 580726K [0x0000000086e00000, 0x00000000d7a00000, 0x00000000d7a00000)
  object space 1323008K, 43% used [0x0000000086e00000,0x00000000aa51d9c0,0x00000000d7a00000)
 Metaspace       used 11877K, capacity 12266K, committed 12544K, reserved 1060864K
  class space    used 1560K, capacity 1712K, committed 1792K, reserved 1048576K
Event: 125.939 GC heap after
Heap after GC invocations=504 (full 491):
 PSYoungGen      total 334848K, used 77487K [0x00000000d7a00000, 0x00000000fa300000, 0x0000000100000000)
  eden space 131072K, 0% used [0x00000000d7a00000,0x00000000d7a00000,0x00000000dfa00000)
  from space 203776K, 38% used [0x00000000dfa00000,0x00000000e45abf90,0x00000000ec100000)
  to   space 207872K, 0% used [0x00000000ed800000,0x00000000ed800000,0x00000000fa300000)
 ParOldGen       total 1323008K, used 580726K [0x0000000086e00000, 0x00000000d7a00000, 0x00000000d7a00000)
  object space 1323008K, 43% used [0x0000000086e00000,0x00000000aa51d9c0,0x00000000d7a00000)
 Metaspace       used 11877K, capacity 12266K, committed 12544K, reserved 1060864K
  class space    used 1560K, capacity 1712K, committed 1792K, reserved 1048576K
}
Event: 126.417 GC heap before
{Heap before GC invocations=505 (full 491):
 PSYoungGen      total 334848K, used 208559K [0x00000000d7a00000, 0x00000000fa300000, 0x0000000100000000)
  eden space 131072K, 100% used [0x00000000d7a00000,0x00000000dfa00000,0x00000000dfa00000)
  from space 203776K, 38% used [0x00000000dfa00000,0x00000000e45abf90,0x00000000ec100000)
  to   space 207872K, 0% used [0x00000000ed800000,0x00000000ed800000,0x00000000fa300000)
 ParOldGen       total 1323008K, used 580726K [0x0000000086e00000, 0x00000000d7a00000, 0x00000000d7a00000)
  object space 1323008K, 43% used [0x0000000086e00000,0x00000000aa51d9c0,0x00000000d7a00000)
 Metaspace       used 12819K, capacity 13270K, committed 13440K, reserved 1060864K
  class space    used 1707K, capacity 1824K, committed 1920K, reserved 1048576K
Event: 126.493 GC heap after
Heap after GC invocations=505 (full 491):
 PSYoungGen      total 346112K, used 171617K [0x00000000d7a00000, 0x00000000fb900000, 0x0000000100000000)
  eden space 138240K, 0% used [0x00000000d7a00000,0x00000000d7a00000,0x00000000e0100000)
  from space 207872K, 82% used [0x00000000ed800000,0x00000000f7f986a8,0x00000000fa300000)
  to   space 220160K, 0% used [0x00000000e0100000,0x00000000e0100000,0x00000000ed800000)
 ParOldGen       total 1323008K, used 580726K [0x0000000086e00000, 0x00000000d7a00000, 0x00000000d7a00000)
  object space 1323008K, 43% used [0x0000000086e00000,0x00000000aa51d9c0,0x00000000d7a00000)
 Metaspace       used 12819K, capacity 13270K, committed 13440K, reserved 1060864K
  class space    used 1707K, capacity 1824K, committed 1920K, reserved 1048576K
}

